mode: set
kampus_merdeka/helpers/encrypt/bcrypt.go:5.44,7.16 2 0
kampus_merdeka/helpers/encrypt/bcrypt.go:10.2,10.28 1 0
kampus_merdeka/helpers/encrypt/bcrypt.go:7.16,9.3 1 0
kampus_merdeka/helpers/encrypt/bcrypt.go:13.29,15.16 2 1
kampus_merdeka/helpers/encrypt/bcrypt.go:18.2,18.15 1 1
kampus_merdeka/helpers/encrypt/bcrypt.go:15.16,17.3 1 1
kampus_merdeka/business/users/usecase.go:15.69,21.2 1 1
kampus_merdeka/business/users/usecase.go:24.82,26.24 1 1
kampus_merdeka/business/users/usecase.go:30.2,30.27 1 1
kampus_merdeka/business/users/usecase.go:40.2,42.16 2 1
kampus_merdeka/business/users/usecase.go:48.2,48.16 1 1
kampus_merdeka/business/users/usecase.go:52.2,52.18 1 1
kampus_merdeka/business/users/usecase.go:26.24,28.3 1 1
kampus_merdeka/business/users/usecase.go:30.27,32.3 1 1
kampus_merdeka/business/users/usecase.go:42.16,44.3 1 0
kampus_merdeka/business/users/usecase.go:48.16,50.3 1 0
